<?xml version="1.0" encoding="UTF-8"?>
<!-- Generated by org.testng.reporters.JUnitXMLReporter -->
<testsuite ignored="0" hostname="DESKTOP-CFSKSBJ" failures="2" tests="7" name="Test" time="78.319" errors="0" timestamp="2024-11-07T21:09:34 IST">
  <testcase classname="testCases.TC001_AccountRegistrationTest" name="verify_account_registration" time="1.88"/>
  <testcase classname="testCases.TC002_LoginTest" name="verify_Login" time="11.181">
    <failure type="java.lang.AssertionError" message="expected [true] but found [false]">
      <![CDATA[java.lang.AssertionError: expected [true] but found [false]
at testCases.TC002_LoginTest.verify_Login(TC002_LoginTest.java:31)
at java.base/java.util.ArrayList.forEach(ArrayList.java:1597)
... Removed 29 stack frames]]>
    </failure>
  </testcase> <!-- verify_Login -->
  <testcase classname="testCases.TC003_LoginDDT" name="verify_lognDDT" time="10.946">
    <failure type="java.lang.AssertionError" message="expected [true] but found [false]">
      <![CDATA[java.lang.AssertionError: expected [true] but found [false]
at testCases.TC003_LoginDDT.verify_lognDDT(TC003_LoginDDT.java:40)
at java.base/java.util.ArrayList.forEach(ArrayList.java:1597)
... Removed 29 stack frames]]>
    </failure>
  </testcase> <!-- verify_lognDDT -->
  <testcase classname="testCases.TC003_LoginDDT" name="verify_lognDDT" time="10.942"/>
  <testcase classname="testCases.TC003_LoginDDT" name="verify_lognDDT" time="10.943"/>
  <testcase classname="testCases.TC003_LoginDDT" name="verify_lognDDT" time="11.008"/>
  <testcase classname="testCases.TC003_LoginDDT" name="verify_lognDDT" time="1.401"/>
</testsuite> <!-- Test -->
