<?xml version="1.0" encoding="UTF-8"?>
<!-- Generated by org.testng.reporters.JUnitXMLReporter -->
<testsuite ignored="0" hostname="DESKTOP-CFSKSBJ" failures="0" tests="7" name="Test" time="50.612" errors="0" timestamp="2024-11-07T19:46:13 IST">
  <testcase classname="testCases.TC001_AccountRegistrationTest" name="verify_account_registration" time="1.587"/>
  <testcase classname="testCases.TC002_LoginTest" name="verify_Login" time="1.218"/>
  <testcase classname="testCases.TC003_LoginDDT" name="verify_lognDDT" time="1.535"/>
  <testcase classname="testCases.TC003_LoginDDT" name="verify_lognDDT" time="10.873"/>
  <testcase classname="testCases.TC003_LoginDDT" name="verify_lognDDT" time="11.74"/>
  <testcase classname="testCases.TC003_LoginDDT" name="verify_lognDDT" time="10.886"/>
  <testcase classname="testCases.TC003_LoginDDT" name="verify_lognDDT" time="1.52"/>
</testsuite> <!-- Test -->
