<?xml version="1.0" encoding="UTF-8"?>
<!-- Generated by org.testng.reporters.JUnitXMLReporter -->
<testsuite ignored="1" hostname="DESKTOP-CFSKSBJ" failures="0" tests="2" name="TestChrome" time="17.046" errors="0" timestamp="2024-11-07T20:06:42 IST">
  <testcase classname="testCases.TC001_AccountRegistrationTest" name="verify_account_registration" time="4.408"/>
  <testcase classname="testCases.TC002_LoginTest" name="verify_Login" time="3.089"/>
  <testcase classname="testCases.TC003_LoginDDT" name="verify_lognDDT" time="0.0">
    <ignored/>
  </testcase> <!-- verify_lognDDT -->
</testsuite> <!-- TestChrome -->
