<?xml version="1.0" encoding="UTF-8"?>
<testsuite xmlns:xsi="http://www.w3.org/2001/XMLSchema-instance" xsi:noNamespaceSchemaLocation="https://maven.apache.org/surefire/maven-surefire-plugin/xsd/surefire-test-report-3.0.xsd" version="3.0" name="TestSuite" time="15.507" tests="3" errors="0" skipped="0" failures="0">
  <properties>
[...]
</properties>
  <testcase name="verify_account_registration" classname="testCases.TC001_AccountRegistrationTest" time="3.486"/>
  <testcase name="verify_account_registration" classname="testCases.TC001_AccountRegistrationTest" time="3.505"/>
  <testcase name="verify_account_registration" classname="testCases.TC001_AccountRegistrationTest" time="1.953"/>
</testsuite>