<?xml version="1.0" encoding="UTF-8"?>
<testng-results ignored="0" total="1" passed="1" failed="0" skipped="0">
  <reporter-output>
  </reporter-output>
  <suite started-at="2024-11-07T13:20:46 IST" name="Suite" finished-at="2024-11-07T13:20:51 IST" duration-ms="5661">
    <groups>
    </groups>
    <test started-at="2024-11-07T13:20:46 IST" name="Master" finished-at="2024-11-07T13:20:51 IST" duration-ms="5661">
      <class name="testCases.TC001_AccountRegistrationTest">
        <test-method is-config="true" signature="setup()[pri:0, instance:testCases.TC001_AccountRegistrationTest@23aa363a]" started-at="2024-11-07T13:20:46 IST" name="setup" finished-at="2024-11-07T13:20:49 IST" duration-ms="3611" status="PASS">
          <reporter-output>
          </reporter-output>
        </test-method> <!-- setup -->
        <test-method signature="verify_account_registration()[pri:0, instance:testCases.TC001_AccountRegistrationTest@23aa363a]" started-at="2024-11-07T13:20:49 IST" name="verify_account_registration" finished-at="2024-11-07T13:20:51 IST" duration-ms="1730" status="PASS">
          <reporter-output>
          </reporter-output>
        </test-method> <!-- verify_account_registration -->
        <test-method is-config="true" signature="tearDown()[pri:0, instance:testCases.TC001_AccountRegistrationTest@23aa363a]" started-at="2024-11-07T13:20:51 IST" name="tearDown" finished-at="2024-11-07T13:20:51 IST" duration-ms="273" status="PASS">
          <reporter-output>
          </reporter-output>
        </test-method> <!-- tearDown -->
      </class> <!-- testCases.TC001_AccountRegistrationTest -->
    </test> <!-- Master -->
  </suite> <!-- Suite -->
</testng-results>
