<?xml version="1.0" encoding="UTF-8"?>
<testng-results ignored="0" total="3" passed="3" failed="0" skipped="0">
  <reporter-output>
  </reporter-output>
  <suite started-at="2024-11-07T16:04:22 IST" name="Suite" finished-at="2024-11-07T16:04:36 IST" duration-ms="14515">
    <groups>
    </groups>
    <test started-at="2024-11-07T16:04:22 IST" name="TestChrome" finished-at="2024-11-07T16:04:32 IST" duration-ms="10443">
      <class name="testCases.TC001_AccountRegistrationTest">
        <test-method is-config="true" signature="setup(java.lang.String,java.lang.String)[pri:0, instance:testCases.TC001_AccountRegistrationTest@63b1d4fa]" started-at="2024-11-07T16:04:22 IST" name="setup" finished-at="2024-11-07T16:04:27 IST" duration-ms="4982" status="PASS">
          <params>
            <param index="0">
              <value>
                <![CDATA[windows]]>
              </value>
            </param>
            <param index="1">
              <value>
                <![CDATA[chrome]]>
              </value>
            </param>
          </params>
          <reporter-output>
          </reporter-output>
        </test-method> <!-- setup -->
        <test-method signature="verify_account_registration()[pri:0, instance:testCases.TC001_AccountRegistrationTest@63b1d4fa]" started-at="2024-11-07T16:04:27 IST" name="verify_account_registration" finished-at="2024-11-07T16:04:32 IST" duration-ms="4949" status="PASS">
          <reporter-output>
          </reporter-output>
        </test-method> <!-- verify_account_registration -->
        <test-method is-config="true" signature="tearDown()[pri:0, instance:testCases.TC001_AccountRegistrationTest@63b1d4fa]" started-at="2024-11-07T16:04:32 IST" name="tearDown" finished-at="2024-11-07T16:04:32 IST" duration-ms="451" status="PASS">
          <reporter-output>
          </reporter-output>
        </test-method> <!-- tearDown -->
      </class> <!-- testCases.TC001_AccountRegistrationTest -->
    </test> <!-- TestChrome -->
    <test started-at="2024-11-07T16:04:22 IST" name="TestEdge" finished-at="2024-11-07T16:04:32 IST" duration-ms="10604">
      <class name="testCases.TC001_AccountRegistrationTest">
        <test-method is-config="true" signature="setup(java.lang.String,java.lang.String)[pri:0, instance:testCases.TC001_AccountRegistrationTest@2fc0cc3]" started-at="2024-11-07T16:04:22 IST" name="setup" finished-at="2024-11-07T16:04:28 IST" duration-ms="6453" status="PASS">
          <params>
            <param index="0">
              <value>
                <![CDATA[windows]]>
              </value>
            </param>
            <param index="1">
              <value>
                <![CDATA[edge]]>
              </value>
            </param>
          </params>
          <reporter-output>
          </reporter-output>
        </test-method> <!-- setup -->
        <test-method signature="verify_account_registration()[pri:0, instance:testCases.TC001_AccountRegistrationTest@2fc0cc3]" started-at="2024-11-07T16:04:28 IST" name="verify_account_registration" finished-at="2024-11-07T16:04:32 IST" duration-ms="3484" status="PASS">
          <reporter-output>
          </reporter-output>
        </test-method> <!-- verify_account_registration -->
        <test-method is-config="true" signature="tearDown()[pri:0, instance:testCases.TC001_AccountRegistrationTest@2fc0cc3]" started-at="2024-11-07T16:04:32 IST" name="tearDown" finished-at="2024-11-07T16:04:32 IST" duration-ms="635" status="PASS">
          <reporter-output>
          </reporter-output>
        </test-method> <!-- tearDown -->
      </class> <!-- testCases.TC001_AccountRegistrationTest -->
    </test> <!-- TestEdge -->
    <test started-at="2024-11-07T16:04:22 IST" name="TestFirefox" finished-at="2024-11-07T16:04:36 IST" duration-ms="14515">
      <class name="testCases.TC001_AccountRegistrationTest">
        <test-method is-config="true" signature="setup(java.lang.String,java.lang.String)[pri:0, instance:testCases.TC001_AccountRegistrationTest@3f792b9b]" started-at="2024-11-07T16:04:22 IST" name="setup" finished-at="2024-11-07T16:04:33 IST" duration-ms="11448" status="PASS">
          <params>
            <param index="0">
              <value>
                <![CDATA[windows]]>
              </value>
            </param>
            <param index="1">
              <value>
                <![CDATA[firefox]]>
              </value>
            </param>
          </params>
          <reporter-output>
          </reporter-output>
        </test-method> <!-- setup -->
        <test-method signature="verify_account_registration()[pri:0, instance:testCases.TC001_AccountRegistrationTest@3f792b9b]" started-at="2024-11-07T16:04:33 IST" name="verify_account_registration" finished-at="2024-11-07T16:04:35 IST" duration-ms="1955" status="PASS">
          <reporter-output>
          </reporter-output>
        </test-method> <!-- verify_account_registration -->
        <test-method is-config="true" signature="tearDown()[pri:0, instance:testCases.TC001_AccountRegistrationTest@3f792b9b]" started-at="2024-11-07T16:04:35 IST" name="tearDown" finished-at="2024-11-07T16:04:36 IST" duration-ms="1088" status="PASS">
          <reporter-output>
          </reporter-output>
        </test-method> <!-- tearDown -->
      </class> <!-- testCases.TC001_AccountRegistrationTest -->
    </test> <!-- TestFirefox -->
  </suite> <!-- Suite -->
</testng-results>
