<?xml version="1.0" encoding="UTF-8"?>
<testng-results ignored="0" total="3" passed="3" failed="0" skipped="0">
  <reporter-output>
  </reporter-output>
  <suite started-at="2024-11-07T16:03:30 IST" name="Suite" finished-at="2024-11-07T16:03:42 IST" duration-ms="12150">
    <groups>
    </groups>
    <test started-at="2024-11-07T16:03:30 IST" name="TestChrome" finished-at="2024-11-07T16:03:40 IST" duration-ms="9724">
      <class name="testCases.TC001_AccountRegistrationTest">
        <test-method is-config="true" signature="setup(java.lang.String,java.lang.String)[pri:0, instance:testCases.TC001_AccountRegistrationTest@31e75d13]" started-at="2024-11-07T16:03:30 IST" name="setup" finished-at="2024-11-07T16:03:35 IST" duration-ms="4606" status="PASS">
          <params>
            <param index="0">
              <value>
                <![CDATA[windows]]>
              </value>
            </param>
            <param index="1">
              <value>
                <![CDATA[chrome]]>
              </value>
            </param>
          </params>
          <reporter-output>
          </reporter-output>
        </test-method> <!-- setup -->
        <test-method signature="verify_account_registration()[pri:0, instance:testCases.TC001_AccountRegistrationTest@31e75d13]" started-at="2024-11-07T16:03:35 IST" name="verify_account_registration" finished-at="2024-11-07T16:03:39 IST" duration-ms="4627" status="PASS">
          <reporter-output>
          </reporter-output>
        </test-method> <!-- verify_account_registration -->
        <test-method is-config="true" signature="tearDown()[pri:0, instance:testCases.TC001_AccountRegistrationTest@31e75d13]" started-at="2024-11-07T16:03:39 IST" name="tearDown" finished-at="2024-11-07T16:03:40 IST" duration-ms="443" status="PASS">
          <reporter-output>
          </reporter-output>
        </test-method> <!-- tearDown -->
      </class> <!-- testCases.TC001_AccountRegistrationTest -->
    </test> <!-- TestChrome -->
    <test started-at="2024-11-07T16:03:30 IST" name="TestEdge" finished-at="2024-11-07T16:03:40 IST" duration-ms="9827">
      <class name="testCases.TC001_AccountRegistrationTest">
        <test-method is-config="true" signature="setup(java.lang.String,java.lang.String)[pri:0, instance:testCases.TC001_AccountRegistrationTest@366ef90e]" started-at="2024-11-07T16:03:30 IST" name="setup" finished-at="2024-11-07T16:03:35 IST" duration-ms="4518" status="PASS">
          <params>
            <param index="0">
              <value>
                <![CDATA[windows]]>
              </value>
            </param>
            <param index="1">
              <value>
                <![CDATA[edge]]>
              </value>
            </param>
          </params>
          <reporter-output>
          </reporter-output>
        </test-method> <!-- setup -->
        <test-method signature="verify_account_registration()[pri:0, instance:testCases.TC001_AccountRegistrationTest@366ef90e]" started-at="2024-11-07T16:03:35 IST" name="verify_account_registration" finished-at="2024-11-07T16:03:39 IST" duration-ms="4630" status="PASS">
          <reporter-output>
          </reporter-output>
        </test-method> <!-- verify_account_registration -->
        <test-method is-config="true" signature="tearDown()[pri:0, instance:testCases.TC001_AccountRegistrationTest@366ef90e]" started-at="2024-11-07T16:03:39 IST" name="tearDown" finished-at="2024-11-07T16:03:40 IST" duration-ms="589" status="PASS">
          <reporter-output>
          </reporter-output>
        </test-method> <!-- tearDown -->
      </class> <!-- testCases.TC001_AccountRegistrationTest -->
    </test> <!-- TestEdge -->
    <test started-at="2024-11-07T16:03:30 IST" name="TestFirefox" finished-at="2024-11-07T16:03:42 IST" duration-ms="12150">
      <class name="testCases.TC001_AccountRegistrationTest">
        <test-method is-config="true" signature="setup(java.lang.String,java.lang.String)[pri:0, instance:testCases.TC001_AccountRegistrationTest@652a7737]" started-at="2024-11-07T16:03:30 IST" name="setup" finished-at="2024-11-07T16:03:39 IST" duration-ms="9259" status="PASS">
          <params>
            <param index="0">
              <value>
                <![CDATA[windows]]>
              </value>
            </param>
            <param index="1">
              <value>
                <![CDATA[firefox]]>
              </value>
            </param>
          </params>
          <reporter-output>
          </reporter-output>
        </test-method> <!-- setup -->
        <test-method signature="verify_account_registration()[pri:0, instance:testCases.TC001_AccountRegistrationTest@652a7737]" started-at="2024-11-07T16:03:39 IST" name="verify_account_registration" finished-at="2024-11-07T16:03:41 IST" duration-ms="1866" status="PASS">
          <reporter-output>
          </reporter-output>
        </test-method> <!-- verify_account_registration -->
        <test-method is-config="true" signature="tearDown()[pri:0, instance:testCases.TC001_AccountRegistrationTest@652a7737]" started-at="2024-11-07T16:03:41 IST" name="tearDown" finished-at="2024-11-07T16:03:42 IST" duration-ms="982" status="PASS">
          <reporter-output>
          </reporter-output>
        </test-method> <!-- tearDown -->
      </class> <!-- testCases.TC001_AccountRegistrationTest -->
    </test> <!-- TestFirefox -->
  </suite> <!-- Suite -->
</testng-results>
