<?xml version="1.0" encoding="UTF-8"?>
<testng-results ignored="0" total="1" passed="1" failed="0" skipped="0">
  <reporter-output>
  </reporter-output>
  <suite started-at="2024-11-07T13:19:25 IST" name="Suite" finished-at="2024-11-07T13:19:31 IST" duration-ms="5882">
    <groups>
    </groups>
    <test started-at="2024-11-07T13:19:25 IST" name="Master" finished-at="2024-11-07T13:19:31 IST" duration-ms="5882">
      <class name="testCases.TC001_AccountRegistrationTest">
        <test-method is-config="true" signature="setup()[pri:0, instance:testCases.TC001_AccountRegistrationTest@3b0c9195]" started-at="2024-11-07T13:19:25 IST" name="setup" finished-at="2024-11-07T13:19:29 IST" duration-ms="3509" status="PASS">
          <reporter-output>
          </reporter-output>
        </test-method> <!-- setup -->
        <test-method signature="verify_account_registration()[pri:0, instance:testCases.TC001_AccountRegistrationTest@3b0c9195]" started-at="2024-11-07T13:19:29 IST" name="verify_account_registration" finished-at="2024-11-07T13:19:31 IST" duration-ms="2090" status="PASS">
          <reporter-output>
          </reporter-output>
        </test-method> <!-- verify_account_registration -->
        <test-method is-config="true" signature="tearDown()[pri:0, instance:testCases.TC001_AccountRegistrationTest@3b0c9195]" started-at="2024-11-07T13:19:31 IST" name="tearDown" finished-at="2024-11-07T13:19:31 IST" duration-ms="234" status="PASS">
          <reporter-output>
          </reporter-output>
        </test-method> <!-- tearDown -->
      </class> <!-- testCases.TC001_AccountRegistrationTest -->
    </test> <!-- Master -->
  </suite> <!-- Suite -->
</testng-results>
